{"meta": {"format": 3, "version": "7.8.0", "timestamp": "2025-08-01T20:14:07.095819", "branch_coverage": false, "show_contexts": false}, "files": {"src\\__init__.py": {"executed_lines": [1, 5], "summary": {"covered_lines": 1, "num_statements": 1, "percent_covered": 100.0, "percent_covered_display": "100", "missing_lines": 0, "excluded_lines": 0}, "missing_lines": [], "excluded_lines": [], "functions": {"": {"executed_lines": [1, 5], "summary": {"covered_lines": 1, "num_statements": 1, "percent_covered": 100.0, "percent_covered_display": "100", "missing_lines": 0, "excluded_lines": 0}, "missing_lines": [], "excluded_lines": []}}, "classes": {"": {"executed_lines": [1, 5], "summary": {"covered_lines": 1, "num_statements": 1, "percent_covered": 100.0, "percent_covered_display": "100", "missing_lines": 0, "excluded_lines": 0}, "missing_lines": [], "excluded_lines": []}}}, "src\\config.py": {"executed_lines": [1, 6, 7, 8, 10, 11, 13, 16, 17, 18, 19, 22, 23, 24, 25, 26, 27, 29, 30, 31, 32, 33, 36, 37, 38, 39, 40, 41, 44, 45, 46, 47, 48, 49, 52, 53, 54, 55, 56, 59, 60, 61, 62, 69, 70, 71, 72, 73, 76, 77, 78, 79, 82, 83, 84, 85, 86, 87, 88, 89, 90, 93, 107, 109, 110, 112, 113, 114, 115, 116, 118, 122, 123, 124, 125, 126, 129, 131], "summary": {"covered_lines": 77, "num_statements": 78, "percent_covered": 98.71794871794872, "percent_covered_display": "99", "missing_lines": 1, "excluded_lines": 0}, "missing_lines": [119], "excluded_lines": [], "functions": {"DataConfig.end_after_start": {"executed_lines": [31, 32, 33], "summary": {"covered_lines": 3, "num_statements": 3, "percent_covered": 100.0, "percent_covered_display": "100", "missing_lines": 0, "excluded_lines": 0}, "missing_lines": [], "excluded_lines": []}, "load_config": {"executed_lines": [107, 109, 110, 112, 113, 114, 115, 116, 118, 122, 123, 124, 125, 126], "summary": {"covered_lines": 14, "num_statements": 15, "percent_covered": 93.33333333333333, "percent_covered_display": "93", "missing_lines": 1, "excluded_lines": 0}, "missing_lines": [119], "excluded_lines": []}, "create_example_config": {"executed_lines": [131], "summary": {"covered_lines": 1, "num_statements": 1, "percent_covered": 100.0, "percent_covered_display": "100", "missing_lines": 0, "excluded_lines": 0}, "missing_lines": [], "excluded_lines": []}, "": {"executed_lines": [1, 6, 7, 8, 10, 11, 13, 16, 17, 18, 19, 22, 23, 24, 25, 26, 27, 29, 30, 36, 37, 38, 39, 40, 41, 44, 45, 46, 47, 48, 49, 52, 53, 54, 55, 56, 59, 60, 61, 62, 69, 70, 71, 72, 73, 76, 77, 78, 79, 82, 83, 84, 85, 86, 87, 88, 89, 90, 93, 129], "summary": {"covered_lines": 59, "num_statements": 59, "percent_covered": 100.0, "percent_covered_display": "100", "missing_lines": 0, "excluded_lines": 0}, "missing_lines": [], "excluded_lines": []}}, "classes": {"RunConfig": {"executed_lines": [], "summary": {"covered_lines": 0, "num_statements": 0, "percent_covered": 100.0, "percent_covered_display": "100", "missing_lines": 0, "excluded_lines": 0}, "missing_lines": [], "excluded_lines": []}, "DataConfig": {"executed_lines": [31, 32, 33], "summary": {"covered_lines": 3, "num_statements": 3, "percent_covered": 100.0, "percent_covered_display": "100", "missing_lines": 0, "excluded_lines": 0}, "missing_lines": [], "excluded_lines": []}, "UniverseConfig": {"executed_lines": [], "summary": {"covered_lines": 0, "num_statements": 0, "percent_covered": 100.0, "percent_covered_display": "100", "missing_lines": 0, "excluded_lines": 0}, "missing_lines": [], "excluded_lines": []}, "DetectorConfig": {"executed_lines": [], "summary": {"covered_lines": 0, "num_statements": 0, "percent_covered": 100.0, "percent_covered_display": "100", "missing_lines": 0, "excluded_lines": 0}, "missing_lines": [], "excluded_lines": []}, "WalkForwardConfig": {"executed_lines": [], "summary": {"covered_lines": 0, "num_statements": 0, "percent_covered": 100.0, "percent_covered_display": "100", "missing_lines": 0, "excluded_lines": 0}, "missing_lines": [], "excluded_lines": []}, "ExecutionConfig": {"executed_lines": [], "summary": {"covered_lines": 0, "num_statements": 0, "percent_covered": 100.0, "percent_covered_display": "100", "missing_lines": 0, "excluded_lines": 0}, "missing_lines": [], "excluded_lines": []}, "PortfolioConfig": {"executed_lines": [], "summary": {"covered_lines": 0, "num_statements": 0, "percent_covered": 100.0, "percent_covered_display": "100", "missing_lines": 0, "excluded_lines": 0}, "missing_lines": [], "excluded_lines": []}, "ReportingConfig": {"executed_lines": [], "summary": {"covered_lines": 0, "num_statements": 0, "percent_covered": 100.0, "percent_covered_display": "100", "missing_lines": 0, "excluded_lines": 0}, "missing_lines": [], "excluded_lines": []}, "Config": {"executed_lines": [], "summary": {"covered_lines": 0, "num_statements": 0, "percent_covered": 100.0, "percent_covered_display": "100", "missing_lines": 0, "excluded_lines": 0}, "missing_lines": [], "excluded_lines": []}, "": {"executed_lines": [1, 6, 7, 8, 10, 11, 13, 16, 17, 18, 19, 22, 23, 24, 25, 26, 27, 29, 30, 36, 37, 38, 39, 40, 41, 44, 45, 46, 47, 48, 49, 52, 53, 54, 55, 56, 59, 60, 61, 62, 69, 70, 71, 72, 73, 76, 77, 78, 79, 82, 83, 84, 85, 86, 87, 88, 89, 90, 93, 107, 109, 110, 112, 113, 114, 115, 116, 118, 122, 123, 124, 125, 126, 129, 131], "summary": {"covered_lines": 74, "num_statements": 75, "percent_covered": 98.66666666666667, "percent_covered_display": "99", "missing_lines": 1, "excluded_lines": 0}, "missing_lines": [119], "excluded_lines": []}}}, "src\\data.py": {"executed_lines": [1, 6, 7, 9, 10, 12, 15, 26, 27, 28, 29, 32, 33, 35, 37, 38, 39, 40, 49, 50, 53, 54, 56, 57, 58, 60, 61, 62, 65, 78, 80, 81, 86, 88, 89, 91, 92, 97], "summary": {"covered_lines": 37, "num_statements": 38, "percent_covered": 97.36842105263158, "percent_covered_display": "97", "missing_lines": 1, "excluded_lines": 0}, "missing_lines": [99], "excluded_lines": [], "functions": {"fetch_and_snapshot": {"executed_lines": [26, 27, 28, 29, 32, 33, 35, 37, 38, 39, 40, 49, 50, 53, 54, 56, 57, 58, 60, 61, 62], "summary": {"covered_lines": 21, "num_statements": 21, "percent_covered": 100.0, "percent_covered_display": "100", "missing_lines": 0, "excluded_lines": 0}, "missing_lines": [], "excluded_lines": []}, "load_snapshots": {"executed_lines": [78, 80, 81, 86, 88, 89, 91, 92, 97], "summary": {"covered_lines": 9, "num_statements": 10, "percent_covered": 90.0, "percent_covered_display": "90", "missing_lines": 1, "excluded_lines": 0}, "missing_lines": [99], "excluded_lines": []}, "": {"executed_lines": [1, 6, 7, 9, 10, 12, 15, 65], "summary": {"covered_lines": 7, "num_statements": 7, "percent_covered": 100.0, "percent_covered_display": "100", "missing_lines": 0, "excluded_lines": 0}, "missing_lines": [], "excluded_lines": []}}, "classes": {"": {"executed_lines": [1, 6, 7, 9, 10, 12, 15, 26, 27, 28, 29, 32, 33, 35, 37, 38, 39, 40, 49, 50, 53, 54, 56, 57, 58, 60, 61, 62, 65, 78, 80, 81, 86, 88, 89, 91, 92, 97], "summary": {"covered_lines": 37, "num_statements": 38, "percent_covered": 97.36842105263158, "percent_covered_display": "97", "missing_lines": 1, "excluded_lines": 0}, "missing_lines": [99], "excluded_lines": []}}}, "src\\universe.py": {"executed_lines": [1, 6, 7, 8, 10, 11, 13, 15, 17, 20, 31, 41, 48, 51, 65, 66, 69, 70, 73, 74, 77, 79, 80, 82, 89, 115, 116, 119, 120, 121, 122, 123, 126, 127, 130, 132, 133, 136, 137, 138, 139, 142, 144, 145, 149, 151, 152, 153, 156, 157, 160, 161, 162, 163, 164, 167, 170, 171, 172, 177, 178, 179, 180, 182, 184, 185, 193, 199, 202, 228, 229, 230, 231, 233], "summary": {"covered_lines": 73, "num_statements": 75, "percent_covered": 97.33333333333333, "percent_covered_display": "97", "missing_lines": 2, "excluded_lines": 0}, "missing_lines": [146, 147], "excluded_lines": [], "functions": {"get_nse_symbols": {"executed_lines": [31, 41, 48], "summary": {"covered_lines": 3, "num_statements": 3, "percent_covered": 100.0, "percent_covered_display": "100", "missing_lines": 0, "excluded_lines": 0}, "missing_lines": [], "excluded_lines": []}, "compute_turnover_stats": {"executed_lines": [65, 66, 69, 70, 73, 74, 77, 79, 80, 82], "summary": {"covered_lines": 10, "num_statements": 10, "percent_covered": 100.0, "percent_covered_display": "100", "missing_lines": 0, "excluded_lines": 0}, "missing_lines": [], "excluded_lines": []}, "select_universe": {"executed_lines": [115, 116, 119, 120, 121, 122, 123, 126, 127, 130, 132, 133, 136, 137, 138, 139, 142, 144, 145, 149, 151, 152, 153, 156, 157, 160, 161, 162, 163, 164, 167, 170, 171, 172, 177, 178, 179, 180, 182, 184, 185, 193, 199, 202, 228, 229, 230, 231, 233], "summary": {"covered_lines": 49, "num_statements": 51, "percent_covered": 96.07843137254902, "percent_covered_display": "96", "missing_lines": 2, "excluded_lines": 0}, "missing_lines": [146, 147], "excluded_lines": []}, "": {"executed_lines": [1, 6, 7, 8, 10, 11, 13, 15, 17, 20, 51, 89], "summary": {"covered_lines": 11, "num_statements": 11, "percent_covered": 100.0, "percent_covered_display": "100", "missing_lines": 0, "excluded_lines": 0}, "missing_lines": [], "excluded_lines": []}}, "classes": {"": {"executed_lines": [1, 6, 7, 8, 10, 11, 13, 15, 17, 20, 31, 41, 48, 51, 65, 66, 69, 70, 73, 74, 77, 79, 80, 82, 89, 115, 116, 119, 120, 121, 122, 123, 126, 127, 130, 132, 133, 136, 137, 138, 139, 142, 144, 145, 149, 151, 152, 153, 156, 157, 160, 161, 162, 163, 164, 167, 170, 171, 172, 177, 178, 179, 180, 182, 184, 185, 193, 199, 202, 228, 229, 230, 231, 233], "summary": {"covered_lines": 73, "num_statements": 75, "percent_covered": 97.33333333333333, "percent_covered_display": "97", "missing_lines": 2, "excluded_lines": 0}, "missing_lines": [146, 147], "excluded_lines": []}}}}, "totals": {"covered_lines": 188, "num_statements": 192, "percent_covered": 97.91666666666667, "percent_covered_display": "98", "missing_lines": 4, "excluded_lines": 0}}